2023-05-23 00:05:247 INFO  LoginPage :36 - Logo is displayed [[ChromeDriver: chrome on WINDOWS (2c5455baa3cd7368f7bd2491c107bc25)] -> xpath: //div[@class='orangehrm-login-logo']//img[@alt='orangehrm-logo']]
2023-05-23 19:05:85 INFO  LoginPage :36 - Logo is displayed [[ChromeDriver: chrome on WINDOWS (76a09a6286ab13195958f661b8dcfd6a)] -> xpath: //div[@class='orangehrm-login-logo']//img[@alt='orangehrm-logo']]
2023-05-23 19:05:825 INFO  LoginPage :36 - Logo is displayed [[ChromeDriver: chrome on WINDOWS (1428ad42c8161a1131c6a584585546cd)] -> xpath: //div[@class='orangehrm-login-logo']//img[@alt='orangehrm-logo']]
2023-05-23 19:05:453 INFO  LoginPage :43 - Enter User Name : [[ChromeDriver: chrome on WINDOWS (015bf4aaa7c60cdb104cf78c436e3cb8)] -> xpath: //input[@placeholder='Username']]
2023-05-23 19:05:698 INFO  LoginPage :49 - Enter password : [[ChromeDriver: chrome on WINDOWS (015bf4aaa7c60cdb104cf78c436e3cb8)] -> xpath: //input[@placeholder='Password']]
2023-05-23 19:05:835 INFO  LoginPage :55 - Click on login Button
2023-05-23 19:05:371 INFO  DashboardPage :38 - Verify Dashboard text : [[ChromeDriver: chrome on WINDOWS (015bf4aaa7c60cdb104cf78c436e3cb8)] -> xpath: //a[@class='oxd-main-menu-item active']]
2023-05-23 19:05:224 INFO  LoginPage :43 - Enter User Name : [[ChromeDriver: chrome on WINDOWS (8a14df44cae0c2f532d878bdd4c8f236)] -> xpath: //input[@placeholder='Username']]
2023-05-23 19:05:373 INFO  LoginPage :49 - Enter password : [[ChromeDriver: chrome on WINDOWS (8a14df44cae0c2f532d878bdd4c8f236)] -> xpath: //input[@placeholder='Password']]
2023-05-23 19:05:531 INFO  LoginPage :55 - Click on login Button
2023-05-23 19:05:304 INFO  LoginPage :43 - Enter User Name : [[ChromeDriver: chrome on WINDOWS (f1d49b4cc248fc6b1be02e947d5b4fa6)] -> xpath: //input[@placeholder='Username']]
2023-05-23 19:05:536 INFO  LoginPage :49 - Enter password : [[ChromeDriver: chrome on WINDOWS (f1d49b4cc248fc6b1be02e947d5b4fa6)] -> xpath: //input[@placeholder='Password']]
2023-05-23 19:05:672 INFO  LoginPage :55 - Click on login Button
2023-05-23 19:05:378 INFO  DashboardPage :44 - Click on User Profile logo
2023-05-23 19:05:223 INFO  DashboardPage :50 - Mouse hoover on Logout
2023-05-23 19:05:26 INFO  LoginPage :43 - Enter User Name : [[ChromeDriver: chrome on WINDOWS (da60c6ad3bfbba39180a5fb33121573e)] -> xpath: //input[@placeholder='Username']]
2023-05-23 19:05:187 INFO  LoginPage :49 - Enter password : [[ChromeDriver: chrome on WINDOWS (da60c6ad3bfbba39180a5fb33121573e)] -> xpath: //input[@placeholder='Password']]
2023-05-23 19:05:319 INFO  LoginPage :55 - Click on login Button
2023-05-23 19:05:575 INFO  ViewSystemUserPage :27 - Click on Admin[[ChromeDriver: chrome on WINDOWS (da60c6ad3bfbba39180a5fb33121573e)] -> xpath: //a[@href='/web/index.php/admin/viewAdminModule']]
2023-05-23 19:05:154 INFO  ViewSystemUserPage :37 - Verify System User Text[[ChromeDriver: chrome on WINDOWS (da60c6ad3bfbba39180a5fb33121573e)] -> xpath: //h5[@class='oxd-text oxd-text--h5 oxd-table-filter-title']]
2023-05-23 19:05:244 INFO  ViewSystemUserPage :47 - Click on Add Button[[ChromeDriver: chrome on WINDOWS (da60c6ad3bfbba39180a5fb33121573e)] -> xpath: //button[@class='oxd-button oxd-button--medium oxd-button--secondary']]
2023-05-23 19:05:817 INFO  ViewSystemUserPage :56 - Verify Add User[[ChromeDriver: chrome on WINDOWS (da60c6ad3bfbba39180a5fb33121573e)] -> xpath: //h6[@class='oxd-text oxd-text--h6 orangehrm-main-title']]
2023-05-23 19:05:868 INFO  ViewSystemUserPage :69 - Select Admin [[ChromeDriver: chrome on WINDOWS (da60c6ad3bfbba39180a5fb33121573e)] -> xpath: //div[@class='oxd-form-row']/div[1]/div[1]/div[1]/div[2]/div[1]/div[1]/div[2]/i[1]]
2023-05-23 19:05:982 INFO  ViewSystemUserPage :72 - Click on Admin[[ChromeDriver: chrome on WINDOWS (da60c6ad3bfbba39180a5fb33121573e)] -> xpath: //*[@class='oxd-select-wrapper']//*[contains(text(),'Admin')]]
2023-05-23 19:05:91 INFO  ViewSystemUserPage :85 - Enter Employee name[[ChromeDriver: chrome on WINDOWS (da60c6ad3bfbba39180a5fb33121573e)] -> xpath: //input[@placeholder='Type for hints...']]
2023-05-23 19:05:257 INFO  ViewSystemUserPage :88 - Enter Employee name1Proxy element for: DefaultElementLocator 'By.xpath: //*[@class='oxd-autocomplete-wrapper']//*[contains(text(),'Goutam  Ganesh')]'
2023-05-23 19:05:336 INFO  LoginPage :43 - Enter User Name : [[ChromeDriver: chrome on WINDOWS (a9ba379bf14ae7cbef09b7aa881aa7f0)] -> xpath: //input[@placeholder='Username']]
2023-05-23 19:05:487 INFO  LoginPage :49 - Enter password : [[ChromeDriver: chrome on WINDOWS (a9ba379bf14ae7cbef09b7aa881aa7f0)] -> xpath: //input[@placeholder='Password']]
2023-05-23 19:05:619 INFO  LoginPage :55 - Click on login Button
2023-05-23 19:05:104 INFO  ViewSystemUserPage :27 - Click on Admin[[ChromeDriver: chrome on WINDOWS (a9ba379bf14ae7cbef09b7aa881aa7f0)] -> xpath: //a[@href='/web/index.php/admin/viewAdminModule']]
2023-05-23 19:05:421 INFO  ViewSystemUserPage :37 - Verify System User Text[[ChromeDriver: chrome on WINDOWS (a9ba379bf14ae7cbef09b7aa881aa7f0)] -> xpath: //h5[@class='oxd-text oxd-text--h5 oxd-table-filter-title']]
2023-05-23 19:05:522 INFO  AddUserPage :29 - Select User Role[[ChromeDriver: chrome on WINDOWS (a9ba379bf14ae7cbef09b7aa881aa7f0)] -> xpath: //div[@class='oxd-grid-4 orangehrm-full-width-grid']/div[2]/div/div[2]/div/div/div[2]/i]
2023-05-23 19:05:648 INFO  AddUserPage :32 - Select Admin[[ChromeDriver: chrome on WINDOWS (a9ba379bf14ae7cbef09b7aa881aa7f0)] -> xpath: //*[@class='oxd-select-wrapper']//*[contains(text(),'Admin')]]
2023-05-23 19:05:718 INFO  AddUserPage :45 - Select Status[[ChromeDriver: chrome on WINDOWS (a9ba379bf14ae7cbef09b7aa881aa7f0)] -> xpath: //div[@class='oxd-form-row']/div/div[4]/div/div[2]/div/div]
2023-05-23 19:05:820 INFO  AddUserPage :48 - Select Disable[[ChromeDriver: chrome on WINDOWS (a9ba379bf14ae7cbef09b7aa881aa7f0)] -> xpath: //*[@class='oxd-select-wrapper']//*[contains(text(),'Disabled')]]
2023-05-23 19:05:907 INFO  AddUserPage :69 - Click on Search[[ChromeDriver: chrome on WINDOWS (a9ba379bf14ae7cbef09b7aa881aa7f0)] -> xpath: //button[@class='oxd-button oxd-button--medium oxd-button--secondary orangehrm-left-space']]
2023-05-23 19:05:285 INFO  AddUserPage :78 - Verify the Result List[[ChromeDriver: chrome on WINDOWS (a9ba379bf14ae7cbef09b7aa881aa7f0)] -> xpath: //div[@class='orangehrm-paper-container']/div[2]/div[1]/span[1]]
2023-05-23 19:05:882 INFO  LoginPage :43 - Enter User Name : [[ChromeDriver: chrome on WINDOWS (1769bb09919c824d412f0451d6b0caa7)] -> xpath: //input[@placeholder='Username']]
2023-05-23 19:05:228 INFO  LoginPage :49 - Enter password : [[ChromeDriver: chrome on WINDOWS (1769bb09919c824d412f0451d6b0caa7)] -> xpath: //input[@placeholder='Password']]
2023-05-23 19:05:339 INFO  LoginPage :55 - Click on login Button
2023-05-23 19:05:580 INFO  ViewSystemUserPage :27 - Click on Admin[[ChromeDriver: chrome on WINDOWS (1769bb09919c824d412f0451d6b0caa7)] -> xpath: //a[@href='/web/index.php/admin/viewAdminModule']]
2023-05-23 19:05:998 INFO  ViewSystemUserPage :37 - Verify System User Text[[ChromeDriver: chrome on WINDOWS (1769bb09919c824d412f0451d6b0caa7)] -> xpath: //h5[@class='oxd-text oxd-text--h5 oxd-table-filter-title']]
2023-05-23 19:05:88 INFO  AddUserPage :29 - Select User Role[[ChromeDriver: chrome on WINDOWS (1769bb09919c824d412f0451d6b0caa7)] -> xpath: //div[@class='oxd-grid-4 orangehrm-full-width-grid']/div[2]/div/div[2]/div/div/div[2]/i]
2023-05-23 19:05:230 INFO  AddUserPage :32 - Select Admin[[ChromeDriver: chrome on WINDOWS (1769bb09919c824d412f0451d6b0caa7)] -> xpath: //*[@class='oxd-select-wrapper']//*[contains(text(),'Admin')]]
2023-05-23 19:05:331 INFO  ViewSystemUserPage :85 - Enter Employee name[[ChromeDriver: chrome on WINDOWS (1769bb09919c824d412f0451d6b0caa7)] -> xpath: //input[@placeholder='Type for hints...']]
2023-05-23 19:05:453 INFO  ViewSystemUserPage :88 - Enter Employee name1Proxy element for: DefaultElementLocator 'By.xpath: //*[@class='oxd-autocomplete-wrapper']//*[contains(text(),'Goutam  Ganesh')]'
2023-05-23 19:05:841 INFO  LoginPage :43 - Enter User Name : [[ChromeDriver: chrome on WINDOWS (9d963ebb975282a89fd78cad52620a61)] -> xpath: //input[@placeholder='Username']]
2023-05-23 19:05:77 INFO  LoginPage :49 - Enter password : [[ChromeDriver: chrome on WINDOWS (9d963ebb975282a89fd78cad52620a61)] -> xpath: //input[@placeholder='Password']]
2023-05-23 19:05:173 INFO  LoginPage :55 - Click on login Button
2023-05-23 19:05:642 INFO  ViewSystemUserPage :27 - Click on Admin[[ChromeDriver: chrome on WINDOWS (9d963ebb975282a89fd78cad52620a61)] -> xpath: //a[@href='/web/index.php/admin/viewAdminModule']]
2023-05-23 19:05:328 INFO  ViewSystemUserPage :37 - Verify System User Text[[ChromeDriver: chrome on WINDOWS (9d963ebb975282a89fd78cad52620a61)] -> xpath: //h5[@class='oxd-text oxd-text--h5 oxd-table-filter-title']]
2023-05-23 19:05:417 INFO  AddUserPage :29 - Select User Role[[ChromeDriver: chrome on WINDOWS (9d963ebb975282a89fd78cad52620a61)] -> xpath: //div[@class='oxd-grid-4 orangehrm-full-width-grid']/div[2]/div/div[2]/div/div/div[2]/i]
2023-05-23 19:05:549 INFO  AddUserPage :32 - Select Admin[[ChromeDriver: chrome on WINDOWS (9d963ebb975282a89fd78cad52620a61)] -> xpath: //*[@class='oxd-select-wrapper']//*[contains(text(),'Admin')]]
2023-05-23 19:05:640 INFO  ViewSystemUserPage :85 - Enter Employee name[[ChromeDriver: chrome on WINDOWS (9d963ebb975282a89fd78cad52620a61)] -> xpath: //input[@placeholder='Type for hints...']]
2023-05-23 19:05:751 INFO  ViewSystemUserPage :88 - Enter Employee name1Proxy element for: DefaultElementLocator 'By.xpath: //*[@class='oxd-autocomplete-wrapper']//*[contains(text(),'Goutam  Ganesh')]'
2023-05-23 19:05:577 INFO  LoginPage :43 - Enter User Name : [[ChromeDriver: chrome on WINDOWS (6c139cf5935607a738d6f5d7aee614b4)] -> xpath: //input[@placeholder='Username']]
2023-05-23 19:05:924 INFO  LoginPage :49 - Enter password : [[ChromeDriver: chrome on WINDOWS (6c139cf5935607a738d6f5d7aee614b4)] -> xpath: //input[@placeholder='Password']]
2023-05-23 19:05:994 INFO  LoginPage :55 - Click on login Button
2023-05-23 19:05:60 INFO  ViewSystemUserPage :27 - Click on Admin[[ChromeDriver: chrome on WINDOWS (6c139cf5935607a738d6f5d7aee614b4)] -> xpath: //a[@href='/web/index.php/admin/viewAdminModule']]
2023-05-23 19:05:73 INFO  ViewSystemUserPage :37 - Verify System User Text[[ChromeDriver: chrome on WINDOWS (6c139cf5935607a738d6f5d7aee614b4)] -> xpath: //h5[@class='oxd-text oxd-text--h5 oxd-table-filter-title']]
2023-05-23 19:05:123 INFO  ViewSystemUserPage :47 - Click on Add Button[[ChromeDriver: chrome on WINDOWS (6c139cf5935607a738d6f5d7aee614b4)] -> xpath: //button[@class='oxd-button oxd-button--medium oxd-button--secondary']]
2023-05-23 19:05:366 INFO  ViewSystemUserPage :56 - Verify Add User[[ChromeDriver: chrome on WINDOWS (6c139cf5935607a738d6f5d7aee614b4)] -> xpath: //h6[@class='oxd-text oxd-text--h6 orangehrm-main-title']]
2023-05-23 19:05:403 INFO  ViewSystemUserPage :69 - Select Admin [[ChromeDriver: chrome on WINDOWS (6c139cf5935607a738d6f5d7aee614b4)] -> xpath: //div[@class='oxd-form-row']/div[1]/div[1]/div[1]/div[2]/div[1]/div[1]/div[2]/i[1]]
2023-05-23 19:05:526 INFO  ViewSystemUserPage :72 - Click on Admin[[ChromeDriver: chrome on WINDOWS (6c139cf5935607a738d6f5d7aee614b4)] -> xpath: //*[@class='oxd-select-wrapper']//*[contains(text(),'Admin')]]
2023-05-23 19:05:675 INFO  ViewSystemUserPage :85 - Enter Employee name[[ChromeDriver: chrome on WINDOWS (6c139cf5935607a738d6f5d7aee614b4)] -> xpath: //input[@placeholder='Type for hints...']]
2023-05-23 19:05:824 INFO  ViewSystemUserPage :88 - Enter Employee name1Proxy element for: DefaultElementLocator 'By.xpath: //*[@class='oxd-autocomplete-wrapper']//*[contains(text(),'Goutam  Ganesh')]'
2023-05-23 19:05:460 INFO  LoginPage :43 - Enter User Name : [[ChromeDriver: chrome on WINDOWS (9017072165748b5d7a8837f7c7a6b635)] -> xpath: //input[@placeholder='Username']]
2023-05-23 19:05:591 INFO  LoginPage :49 - Enter password : [[ChromeDriver: chrome on WINDOWS (9017072165748b5d7a8837f7c7a6b635)] -> xpath: //input[@placeholder='Password']]
2023-05-23 19:05:720 INFO  LoginPage :55 - Click on login Button
2023-05-23 19:05:543 INFO  ViewSystemUserPage :27 - Click on Admin[[ChromeDriver: chrome on WINDOWS (9017072165748b5d7a8837f7c7a6b635)] -> xpath: //a[@href='/web/index.php/admin/viewAdminModule']]
2023-05-23 19:05:403 INFO  ViewSystemUserPage :37 - Verify System User Text[[ChromeDriver: chrome on WINDOWS (9017072165748b5d7a8837f7c7a6b635)] -> xpath: //h5[@class='oxd-text oxd-text--h5 oxd-table-filter-title']]
2023-05-23 19:05:459 INFO  AddUserPage :29 - Select User Role[[ChromeDriver: chrome on WINDOWS (9017072165748b5d7a8837f7c7a6b635)] -> xpath: //div[@class='oxd-grid-4 orangehrm-full-width-grid']/div[2]/div/div[2]/div/div/div[2]/i]
2023-05-23 19:05:573 INFO  AddUserPage :32 - Select Admin[[ChromeDriver: chrome on WINDOWS (9017072165748b5d7a8837f7c7a6b635)] -> xpath: //*[@class='oxd-select-wrapper']//*[contains(text(),'Admin')]]
2023-05-23 19:05:653 INFO  AddUserPage :45 - Select Status[[ChromeDriver: chrome on WINDOWS (9017072165748b5d7a8837f7c7a6b635)] -> xpath: //div[@class='oxd-form-row']/div/div[4]/div/div[2]/div/div]
2023-05-23 19:05:743 INFO  AddUserPage :48 - Select Disable[[ChromeDriver: chrome on WINDOWS (9017072165748b5d7a8837f7c7a6b635)] -> xpath: //*[@class='oxd-select-wrapper']//*[contains(text(),'Disabled')]]
2023-05-23 19:05:849 INFO  AddUserPage :69 - Click on Search[[ChromeDriver: chrome on WINDOWS (9017072165748b5d7a8837f7c7a6b635)] -> xpath: //button[@class='oxd-button oxd-button--medium oxd-button--secondary orangehrm-left-space']]
2023-05-23 19:05:131 INFO  AddUserPage :78 - Verify the Result List[[ChromeDriver: chrome on WINDOWS (9017072165748b5d7a8837f7c7a6b635)] -> xpath: //div[@class='orangehrm-paper-container']/div[2]/div[1]/span[1]]
2023-05-23 19:05:719 INFO  LoginPage :43 - Enter User Name : [[ChromeDriver: chrome on WINDOWS (6f31813d4cbf770a82c238b49c20f319)] -> xpath: //input[@placeholder='Username']]
2023-05-23 19:05:930 INFO  LoginPage :49 - Enter password : [[ChromeDriver: chrome on WINDOWS (6f31813d4cbf770a82c238b49c20f319)] -> xpath: //input[@placeholder='Password']]
2023-05-23 19:05:976 INFO  LoginPage :55 - Click on login Button
2023-05-23 19:05:266 INFO  ViewSystemUserPage :27 - Click on Admin[[ChromeDriver: chrome on WINDOWS (6f31813d4cbf770a82c238b49c20f319)] -> xpath: //a[@href='/web/index.php/admin/viewAdminModule']]
2023-05-23 19:05:116 INFO  ViewSystemUserPage :37 - Verify System User Text[[ChromeDriver: chrome on WINDOWS (6f31813d4cbf770a82c238b49c20f319)] -> xpath: //h5[@class='oxd-text oxd-text--h5 oxd-table-filter-title']]
2023-05-23 19:05:209 INFO  AddUserPage :29 - Select User Role[[ChromeDriver: chrome on WINDOWS (6f31813d4cbf770a82c238b49c20f319)] -> xpath: //div[@class='oxd-grid-4 orangehrm-full-width-grid']/div[2]/div/div[2]/div/div/div[2]/i]
2023-05-23 19:05:306 INFO  AddUserPage :32 - Select Admin[[ChromeDriver: chrome on WINDOWS (6f31813d4cbf770a82c238b49c20f319)] -> xpath: //*[@class='oxd-select-wrapper']//*[contains(text(),'Admin')]]
2023-05-23 19:05:412 INFO  ViewSystemUserPage :85 - Enter Employee name[[ChromeDriver: chrome on WINDOWS (6f31813d4cbf770a82c238b49c20f319)] -> xpath: //input[@placeholder='Type for hints...']]
2023-05-23 19:05:814 INFO  ViewSystemUserPage :88 - Enter Employee name1Proxy element for: DefaultElementLocator 'By.xpath: //*[@class='oxd-autocomplete-wrapper']//*[contains(text(),'Goutam  Ganesh')]'
2023-05-23 19:05:361 INFO  LoginPage :43 - Enter User Name : [[ChromeDriver: chrome on WINDOWS (fb148d15a9f555974baa9f5cbd2ded1e)] -> xpath: //input[@placeholder='Username']]
2023-05-23 19:05:551 INFO  LoginPage :49 - Enter password : [[ChromeDriver: chrome on WINDOWS (fb148d15a9f555974baa9f5cbd2ded1e)] -> xpath: //input[@placeholder='Password']]
2023-05-23 19:05:832 INFO  LoginPage :55 - Click on login Button
2023-05-23 19:05:146 INFO  ViewSystemUserPage :27 - Click on Admin[[ChromeDriver: chrome on WINDOWS (fb148d15a9f555974baa9f5cbd2ded1e)] -> xpath: //a[@href='/web/index.php/admin/viewAdminModule']]
2023-05-23 19:05:621 INFO  ViewSystemUserPage :37 - Verify System User Text[[ChromeDriver: chrome on WINDOWS (fb148d15a9f555974baa9f5cbd2ded1e)] -> xpath: //h5[@class='oxd-text oxd-text--h5 oxd-table-filter-title']]
2023-05-23 19:05:744 INFO  AddUserPage :29 - Select User Role[[ChromeDriver: chrome on WINDOWS (fb148d15a9f555974baa9f5cbd2ded1e)] -> xpath: //div[@class='oxd-grid-4 orangehrm-full-width-grid']/div[2]/div/div[2]/div/div/div[2]/i]
2023-05-23 19:05:882 INFO  AddUserPage :32 - Select Admin[[ChromeDriver: chrome on WINDOWS (fb148d15a9f555974baa9f5cbd2ded1e)] -> xpath: //*[@class='oxd-select-wrapper']//*[contains(text(),'Admin')]]
2023-05-23 19:05:961 INFO  ViewSystemUserPage :85 - Enter Employee name[[ChromeDriver: chrome on WINDOWS (fb148d15a9f555974baa9f5cbd2ded1e)] -> xpath: //input[@placeholder='Type for hints...']]
2023-05-23 19:05:52 INFO  ViewSystemUserPage :88 - Enter Employee name1Proxy element for: DefaultElementLocator 'By.xpath: //*[@class='oxd-autocomplete-wrapper']//*[contains(text(),'Goutam  Ganesh')]'
2023-05-23 20:05:603 INFO  LoginPage :43 - Enter User Name : [[ChromeDriver: chrome on WINDOWS (e8cdd5e956368aa6b1b24fa13ff1042d)] -> xpath: //input[@placeholder='Username']]
2023-05-23 20:05:746 INFO  LoginPage :49 - Enter password : [[ChromeDriver: chrome on WINDOWS (e8cdd5e956368aa6b1b24fa13ff1042d)] -> xpath: //input[@placeholder='Password']]
2023-05-23 20:05:839 INFO  LoginPage :55 - Click on login Button
2023-05-23 20:05:220 INFO  ViewSystemUserPage :27 - Click on Admin[[ChromeDriver: chrome on WINDOWS (e8cdd5e956368aa6b1b24fa13ff1042d)] -> xpath: //a[@href='/web/index.php/admin/viewAdminModule']]
2023-05-23 20:05:671 INFO  ViewSystemUserPage :37 - Verify System User Text[[ChromeDriver: chrome on WINDOWS (e8cdd5e956368aa6b1b24fa13ff1042d)] -> xpath: //h5[@class='oxd-text oxd-text--h5 oxd-table-filter-title']]
2023-05-23 20:05:786 INFO  ViewSystemUserPage :47 - Click on Add Button[[ChromeDriver: chrome on WINDOWS (e8cdd5e956368aa6b1b24fa13ff1042d)] -> xpath: //button[@class='oxd-button oxd-button--medium oxd-button--secondary']]
2023-05-23 20:05:652 INFO  ViewSystemUserPage :56 - Verify Add User[[ChromeDriver: chrome on WINDOWS (e8cdd5e956368aa6b1b24fa13ff1042d)] -> xpath: //h6[@class='oxd-text oxd-text--h6 orangehrm-main-title']]
2023-05-23 20:05:710 INFO  ViewSystemUserPage :69 - Select Admin [[ChromeDriver: chrome on WINDOWS (e8cdd5e956368aa6b1b24fa13ff1042d)] -> xpath: //div[@class='oxd-form-row']/div[1]/div[1]/div[1]/div[2]/div[1]/div[1]/div[2]/i[1]]
2023-05-23 20:05:788 INFO  ViewSystemUserPage :72 - Click on Admin[[ChromeDriver: chrome on WINDOWS (e8cdd5e956368aa6b1b24fa13ff1042d)] -> xpath: //*[@class='oxd-select-wrapper']//*[contains(text(),'Admin')]]
2023-05-23 20:05:863 INFO  ViewSystemUserPage :85 - Enter Employee name[[ChromeDriver: chrome on WINDOWS (e8cdd5e956368aa6b1b24fa13ff1042d)] -> xpath: //input[@placeholder='Type for hints...']]
2023-05-23 20:05:942 INFO  ViewSystemUserPage :88 - Enter Employee name1[[ChromeDriver: chrome on WINDOWS (e8cdd5e956368aa6b1b24fa13ff1042d)] -> xpath: //*[@class='oxd-autocomplete-wrapper']//*[contains(text(),'Goutam  Ganesh')]]
2023-05-23 20:05:44 INFO  ViewSystemUserPage :98 - Enter Username[[ChromeDriver: chrome on WINDOWS (e8cdd5e956368aa6b1b24fa13ff1042d)] -> xpath: //div[@class='oxd-form-row']/div[1]/div[4]/div[1]/div[2]/input[1]]
2023-05-23 20:05:151 INFO  ViewSystemUserPage :115 - Select Status[[ChromeDriver: chrome on WINDOWS (e8cdd5e956368aa6b1b24fa13ff1042d)] -> xpath: //body/div[@id='app']/div[1]/div[2]/div[2]/div[1]/div[1]/form[1]/div[1]/div[1]/div[3]/div[1]/div[2]/div[1]/div[1]]
2023-05-23 20:05:239 INFO  ViewSystemUserPage :118 - Select Disable[[ChromeDriver: chrome on WINDOWS (e8cdd5e956368aa6b1b24fa13ff1042d)] -> css selector: body > div:nth-child(3) > div:nth-child(1) > div:nth-child(2) > div:nth-child(2) > div:nth-child(1) > div:nth-child(1) > form:nth-child(3) > div:nth-child(1) > div:nth-child(1) > div:nth-child(3) > div:nth-child(1) > div:nth-child(2) > div:nth-child(1) > div:nth-child(1) > div:nth-child(1)]
2023-05-23 20:05:350 INFO  ViewSystemUserPage :129 - Enter password[[ChromeDriver: chrome on WINDOWS (e8cdd5e956368aa6b1b24fa13ff1042d)] -> xpath: //div[@class='orangehrm-card-container']/form[1]/div[2]/div[1]/div[1]/div[1]/div[2]/input[1]]
2023-05-23 20:05:466 INFO  ViewSystemUserPage :141 - Enter confirm password[[ChromeDriver: chrome on WINDOWS (e8cdd5e956368aa6b1b24fa13ff1042d)] -> xpath: //div[@class='orangehrm-card-container']/form[1]/div[2]/div[1]/div[2]/div[1]/div[2]/input[1]]
2023-05-23 20:05:594 INFO  ViewSystemUserPage :151 - Click on Save button[[ChromeDriver: chrome on WINDOWS (e8cdd5e956368aa6b1b24fa13ff1042d)] -> xpath: //button[@class='oxd-button oxd-button--medium oxd-button--secondary orangehrm-left-space']]
